Setting top to                           : /Users/harrisgordon/Documents/Development/Audio/ardour 
Setting out to                           : /Users/harrisgordon/Documents/Development/Audio/ardour/build 
Checking for 'gcc' (C compiler)          : not found 
Checking for 'clang' (C compiler)        : /usr/bin/clang 
Checking for 'g++' (C++ compiler)        : not found 
Checking for 'clang++' (C++ compiler)    : /usr/bin/clang++ 

Global Configuration 
 * Install prefix                                    : /usr/local 
 * Debuggable build                                  : True 
 * Build documentation                               : False 

Ardour Configuration 
 * Will build against private GTK dependency stack   : no 
 * Will use explicit linkage against libintl in /Users/harrisgordon/gtk/inst : yes 
 * Will build against private Ardour dependency stack : no 
No Carbon support available for this build

Checking for function 'dlopen' in dlfcn.h            : yes 
Checking for boost library >= 1.68                   : yes 
Checking for program 'pkg-config'                    : /opt/local/bin/pkg-config 
Checking for 'glib-2.0' >= 2.28                      : yes 
Checking for 'gthread-2.0' >= 2.2                    : yes 
Checking for 'glibmm-2.4' >= 2.32.0                  : yes 
Checking for 'sndfile' >= 1.0.18                     : yes 
Checking for 'giomm-2.4' >= 2.2                      : yes 
Checking for 'libcurl' >= 7.0.0                      : yes 
Checking for 'libarchive' >= 3.0.0                   : yes 
Checking for 'liblo' >= 0.26                         : yes 
Checking for 'taglib' >= 1.9                         : yes 
Checking for 'vamp-sdk' >= 2.1                       : yes 
Checking for 'vamp-hostsdk' >= 2.1                   : yes 
Checking for 'rubberband'                            : yes 
Checking for 'libusb-1.0' >= 1.0.16                  : yes 
Checking for rubberband >= 3.0.0                     : yes 
Checking for sndfile RF64=>RIFF support              : Found 
Checking for int128 support                          : lots of bits found. 
Checking for clang                                   : yes 
Checking for clang >= 15                             : yes 
Checking for compiler flags ['-std=c++17']           : yes 

Warning: you are building Ardour with SSE support even though your system does not support these instructions. (This may not be an error, especially if you are a package maintainer)
Checking for 'fftw3f'                                : yes 
Checking for 'fluidsynth' >= 2.0.1                   : yes 
Checking for 'hidapi-hidraw'                         : not found 
Checking for 'ltc' >= 1.1.1                          : yes 
Checking for qm-dsp headers                          : yes 
Checking for library qm-dsp                          : yes 
Checking qm-dsp without explicit kiss linking        : ok 
Checking for 'aubio' >= 0.3.2                        : yes 
Checking for 'aubio' >= 0.4.0                        : yes 
Checking for 'gobject-2.0'                           : yes 
Checking for 'gio-2.0' >= 2.2                        : yes 
Checking for 'libpng'                                : yes 
Checking for 'pango' >= 1.20                         : yes 
Checking for 'cairo' >= 1.12                         : yes 
Checking for 'pangocairo'                            : yes 
Checking for 'gmodule-2.0'                           : yes 
Checking for 'sigc++-2.0' >= 2.0                     : yes 
Checking for 'cairomm-1.0' >= 1.8.4                  : yes 
Checking for 'pangomm-1.4' >= 1.4                    : yes 
Checking for 'lv2' >= 1.16.0                         : yes 
Checking for 'libxml-2.0'                            : yes 
Checking for header execinfo.h                       : yes 
Checking for header unistd.h                         : yes 
Checking for function 'posix_memalign' in stdlib.h   : yes 
Checking for function 'getmntent' in mntent.h        : no 
Checking for function 'localtime_r' in time.h        : yes 
Checking for 'cppunit' >= 1.12.0                     : not found 
Checking for header cwiid.h                          : not found 
You are missing the cwiid headers needed to compile wiimote support
Checking for 'libwebsockets' >= 2.0.0                : not found 
Checking for program 'gas, gcc'                      : /usr/bin/gcc 
Checking for program 'ar'                            : /usr/bin/ar 
Checking for 'lrdf' >= 0.4.0                         : yes 
Checking for 'samplerate' >= 0.1.0                   : yes 
Checking for 'lv2' >= 1.2.0                          : yes 
Checking for 'lv2' >= 1.10.0                         : yes 
Checking for 'lv2' >= 1.17.2                         : yes 
Checking for 'lv2' >= 1.18.6                         : not found 
Checking for 'serd-0' >= 0.14.0                      : yes 
Checking for 'sord-0' >= 0.8.0                       : yes 
Checking for 'sratom-0' >= 0.2.0                     : yes 
Checking for 'lilv-0' >= 0.24.2                      : yes 
Checking for 'ogg' >= 1.1.2                          : yes 
Checking for 'flac' >= 1.2.1                         : yes 
Checking for 'fftw3f' >= 3.3.5                       : yes 
Checking for header sys/vfs.h                        : not found 
Checking for header sys/statvfs.h                    : yes 
Checking for header unistd.h                         : yes 
Checking for 'ioprio_set' syscall support            : no 
Checking for header boost/scoped_ptr.hpp             : yes 
Checking for header boost/ptr_container/ptr_list.hpp : yes 
Checking for 'samplerate' >= 0.1.7                   : yes 
Checking for header boost/format.hpp                 : yes 
Checking for 'lv2' >= 1.0.0                          : yes 
Checking for 'cairo' >= 1.12.0                       : yes 
Checking for 'gthread-2.0' >= 2.10.1                 : yes 
Checking for 'x11' >= 1.1                            : yes 
Checking for 'pangoft2' >= 1.36.8                    : yes 
Checking for 'fontconfig'                            : yes 
Checking for Cocoa live resizing constants           : yes 
Checking for header stdio.h readline/readline.h      : yes 
 * build session-utils                               : yes 
 * Build documentation                               : False 
 * Debuggable build                                  : True 
 * Export all symbols (backtrace)                    : False 
 * Install prefix                                    : /usr/local 
 * Strict compiler flags                             : [] 
 * Internal Shared Libraries                         : True 
 * Use YTK instead of GTK                            : True 
 * Use External Libraries                            : True 
 * Library exports hidden                            : True 
 * Free/Demo copy                                    : False 
 * ALSA DBus Reservation                             : False 
 * Architecture flags                                : None 
 * ARM NEON support                                  : False 
 * Aubio                                             : True 
 * AudioUnits                                        : True 
 * Build target                                      : apple 
 * Canvas Test UI                                    : False 
 * Beatbox test app                                  : False 
 * CoreAudio                                         : True 
 * CoreAudio 10.5 compat                             : False 
 * Debug RT allocations                              : False 
 * Debug Symbols                                     : True 
 * Denormal exceptions                               : False 
 * Dr. Mingw                                         : False 
 * FLAC                                              : True 
 * FPU optimization                                  : True 
 * FPU AVX512F support                               : False 
 * FPU AVX/FMA support                               : False 
 * Futex Semaphore                                   : False 
 * Freedesktop files                                 : False 
 * G_ENABLE_DEBUG                                    : True 
 * I/O Priorty Set                                   : False 
 * Libjack linking                                   : [] 
 * Libjack metadata                                  : False 
 * Lua Binding Doc                                   : False 
 * Lua Commandline Tool                              : True 
 * LV2 UI embedding                                  : True 
 * LV2 support                                       : True 
 * LV2 extensions                                    : True 
 * LXVST support                                     : False 
 * Mac VST support                                   : True 
 * NI-Maschine                                       : False 
 * OGG                                               : True 
 * Phone home                                        : True 
 * Process thread timing                             : False 
 * Program name                                      : Ardour 
 * Samplerate                                        : True 
 * PT format                                         : False 
 * PTW32 Semaphore                                   : False 
 * Threaded WaveViews                                : True 
 * Translation                                       : True 
 * Unit tests                                        : False 
 * Use LLD linker                                    : False 
 * VST3 support                                      : True 
 * Windows VST support                               : False 
 * Wiimote support                                   : False 
 * Windows key                                       : Mod4><Super 
 * PortAudio Backend                                 : False 
 * CoreAudio/Midi Backend                            : True 
 * ALSA Backend                                      : False 
 * Dummy backend                                     : True 
 * JACK Backend                                      : False 
 * PulseAudio Backend                                : False 
 * Buildstack                                        : -system- 
 * Mac i386 Architecture                             : False 
 * Mac ppc Architecture                              : False 
 * Mac arm64 Architecture                            : True 
 * C compiler flags                                  : ['-I/Users/harrisgordon/Documents/Development/Audio/ardour', '-DNO_SYMBOL_RENAMING', '-DUSE_CAIRO_IMAGE_SURFACE', '-DHAVE_RF64_RIFF', '-DCOMPILER_INT128_SUPPORT', '-DWAF_BUILD', '-g', '-fshow-column', '-DG_ENABLE_DEBUG', '-DBUILD_VECLIB_OPTIMIZATIONS', '-arch', 'arm64', '-Wall', '-Wpointer-arith', '-Wcast-qual', '-Wcast-align', '-Wno-unused-parameter', '-Wno-deprecated-declarations', '-Wno-deprecated-builtins', '-Wno-deprecated-copy-with-user-provided-copy', '-DBOOST_SYSTEM_NO_DEPRECATED', '-DBOOST_BIND_GLOBAL_PLACEHOLDERS', '-D_ISOC9X_SOURCE', '-D_LARGEFILE64_SOURCE', '-D_FILE_OFFSET_BITS=64', '-DPROGRAM_NAME="Ardour"', '-DPROGRAM_VERSION="8"', '-Qunused-arguments', '-Wstrict-prototypes', '-Wmissing-prototypes'] 
 * C++ compiler flags                                : ['-I/Users/harrisgordon/Documents/Development/Audio/ardour', '-DNO_SYMBOL_RENAMING', '-DUSE_CAIRO_IMAGE_SURFACE', '-I/Users/harrisgordon/Documents/Development/Audio/qm-dsp', '-DHAVE_RF64_RIFF', '-DCOMPILER_INT128_SUPPORT', '-DWAF_BUILD', '-g', '-fshow-column', '-DG_ENABLE_DEBUG', '-DBUILD_VECLIB_OPTIMIZATIONS', '-arch', 'arm64', '-Wall', '-Wpointer-arith', '-Wcast-qual', '-Wcast-align', '-Wno-unused-parameter', '-Wno-deprecated-declarations', '-Wno-deprecated-builtins', '-Wno-deprecated-copy-with-user-provided-copy', '-DBOOST_SYSTEM_NO_DEPRECATED', '-DBOOST_BIND_GLOBAL_PLACEHOLDERS', '-D_ISOC9X_SOURCE', '-D_LARGEFILE64_SOURCE', '-D_FILE_OFFSET_BITS=64', '-DPROGRAM_NAME="Ardour"', '-DPROGRAM_VERSION="8"', '-std=c++17', '-DCARBON_FLAT_HEADERS', '-D_LIBCPP_ENABLE_CXX17_REMOVED_UNARY_BINARY_FUNCTION', '-Qunused-arguments', '-Woverloaded-virtual', '-Wno-mismatched-tags', '-Wno-cast-align', '-Wno-unused-local-typedefs', '-Wunneeded-internal-declaration', '-D__STDC_LIMIT_MACROS', '-D__STDC_FORMAT_MACROS', '-DCANVAS_DEBUG', '-DBOOST_ERROR_CODE_HEADER_ONLY'] 
 * Linker flags                                      : ['-Xlinker', '-headerpad_max_install_names', '', '-arch', 'arm64'] 

'configure' finished successfully (2.947s)
